<?xml version="1.0" encoding="UTF-8"?>
<!-- Generated by org.testng.reporters.JUnitReportReporter -->
<testsuite hostname="MacBook-Pro-2.local" failures="0" tests="1" name="com.runner.TestRunner" time="10.632" errors="0" timestamp="2024-05-16T16:43:11 EDT" skipped="0">
  <testcase classname="com.runner.TestRunner" name="runScenario" time="10.632"/>
</testsuite> <!-- com.runner.TestRunner -->
